<?xml version="1.0" encoding="UTF-8"?>
<testng-results ignored="0" total="13" passed="13" failed="0" skipped="0">
  <reporter-output>
  </reporter-output>
  <suite started-at="2021-10-12T17:38:51 IST" name="Suite" finished-at="2021-10-12T17:42:12 IST" duration-ms="201127">
    <groups>
      <group name="cucumber">
        <method signature="AbstractTestNGCucumberTests.runScenario(io.cucumber.testng.PickleWrapper,io.cucumber.testng.FeatureWrapper)[pri:0, instance:MyRunner.TestRunner@7e5afaa6]" name="runScenario" class="io.cucumber.testng.AbstractTestNGCucumberTests"/>
      </group> <!-- cucumber -->
    </groups>
    <test started-at="2021-10-12T17:38:51 IST" name="Test" finished-at="2021-10-12T17:42:12 IST" duration-ms="201127">
      <class name="MyRunner.TestRunner">
        <test-method is-config="true" signature="setUpClass()[pri:0, instance:MyRunner.TestRunner@7e5afaa6]" started-at="2021-10-12T17:38:51 IST" name="setUpClass" finished-at="2021-10-12T17:38:52 IST" duration-ms="515" status="PASS">
          <reporter-output>
          </reporter-output>
        </test-method> <!-- setUpClass -->
        <test-method signature="runScenario(io.cucumber.testng.PickleWrapper,io.cucumber.testng.FeatureWrapper)[pri:0, instance:MyRunner.TestRunner@7e5afaa6]" started-at="2021-10-12T17:38:52 IST" name="runScenario" description="Runs Cucumber Scenarios" data-provider="scenarios" finished-at="2021-10-12T17:39:30 IST" duration-ms="38483" status="PASS">
          <params>
            <param index="0">
              <value>
                <![CDATA["User should move from DemoWebShop page to Registration page"]]>
              </value>
            </param>
            <param index="1">
              <value>
                <![CDATA["Optional[DemoWebShop Registraion process]"]]>
              </value>
            </param>
          </params>
          <reporter-output>
          </reporter-output>
        </test-method> <!-- runScenario -->
        <test-method signature="runScenario(io.cucumber.testng.PickleWrapper,io.cucumber.testng.FeatureWrapper)[pri:0, instance:MyRunner.TestRunner@7e5afaa6]" started-at="2021-10-12T17:39:30 IST" name="runScenario" description="Runs Cucumber Scenarios" data-provider="scenarios" finished-at="2021-10-12T17:39:43 IST" duration-ms="12654" status="PASS">
          <params>
            <param index="0">
              <value>
                <![CDATA["Test Registration process with Valid credintials"]]>
              </value>
            </param>
            <param index="1">
              <value>
                <![CDATA["Optional[DemoWebShop Registraion process]"]]>
              </value>
            </param>
          </params>
          <reporter-output>
          </reporter-output>
        </test-method> <!-- runScenario -->
        <test-method signature="runScenario(io.cucumber.testng.PickleWrapper,io.cucumber.testng.FeatureWrapper)[pri:0, instance:MyRunner.TestRunner@7e5afaa6]" started-at="2021-10-12T17:39:43 IST" name="runScenario" description="Runs Cucumber Scenarios" data-provider="scenarios" finished-at="2021-10-12T17:39:52 IST" duration-ms="9266" status="PASS">
          <params>
            <param index="0">
              <value>
                <![CDATA["Test Registration process with inValid credintials"]]>
              </value>
            </param>
            <param index="1">
              <value>
                <![CDATA["Optional[DemoWebShop Registraion process]"]]>
              </value>
            </param>
          </params>
          <reporter-output>
          </reporter-output>
        </test-method> <!-- runScenario -->
        <test-method signature="runScenario(io.cucumber.testng.PickleWrapper,io.cucumber.testng.FeatureWrapper)[pri:0, instance:MyRunner.TestRunner@7e5afaa6]" started-at="2021-10-12T17:39:52 IST" name="runScenario" description="Runs Cucumber Scenarios" data-provider="scenarios" finished-at="2021-10-12T17:40:01 IST" duration-ms="9291" status="PASS">
          <params>
            <param index="0">
              <value>
                <![CDATA["Test User Login with Valid Credentials"]]>
              </value>
            </param>
            <param index="1">
              <value>
                <![CDATA["Optional[Login Functionality on Demo Web Page]"]]>
              </value>
            </param>
          </params>
          <reporter-output>
          </reporter-output>
        </test-method> <!-- runScenario -->
        <test-method signature="runScenario(io.cucumber.testng.PickleWrapper,io.cucumber.testng.FeatureWrapper)[pri:0, instance:MyRunner.TestRunner@7e5afaa6]" started-at="2021-10-12T17:40:01 IST" name="runScenario" description="Runs Cucumber Scenarios" data-provider="scenarios" finished-at="2021-10-12T17:40:09 IST" duration-ms="7736" status="PASS">
          <params>
            <param index="0">
              <value>
                <![CDATA["Test User Login with InValid Credentials"]]>
              </value>
            </param>
            <param index="1">
              <value>
                <![CDATA["Optional[Login Functionality on Demo Web Page]"]]>
              </value>
            </param>
          </params>
          <reporter-output>
          </reporter-output>
        </test-method> <!-- runScenario -->
        <test-method signature="runScenario(io.cucumber.testng.PickleWrapper,io.cucumber.testng.FeatureWrapper)[pri:0, instance:MyRunner.TestRunner@7e5afaa6]" started-at="2021-10-12T17:40:09 IST" name="runScenario" description="Runs Cucumber Scenarios" data-provider="scenarios" finished-at="2021-10-12T17:40:24 IST" duration-ms="14577" status="PASS">
          <params>
            <param index="0">
              <value>
                <![CDATA["Test to validate Add to Cart functionality"]]>
              </value>
            </param>
            <param index="1">
              <value>
                <![CDATA["Optional[Test item Search and Add Functionality on Demo Web Page]"]]>
              </value>
            </param>
          </params>
          <reporter-output>
          </reporter-output>
        </test-method> <!-- runScenario -->
        <test-method signature="runScenario(io.cucumber.testng.PickleWrapper,io.cucumber.testng.FeatureWrapper)[pri:0, instance:MyRunner.TestRunner@7e5afaa6]" started-at="2021-10-12T17:40:24 IST" name="runScenario" description="Runs Cucumber Scenarios" data-provider="scenarios" finished-at="2021-10-12T17:40:36 IST" duration-ms="12451" status="PASS">
          <params>
            <param index="0">
              <value>
                <![CDATA["Test to validate Add to Cart functionality"]]>
              </value>
            </param>
            <param index="1">
              <value>
                <![CDATA["Optional[Test item Search and Add Functionality on Demo Web Page]"]]>
              </value>
            </param>
          </params>
          <reporter-output>
          </reporter-output>
        </test-method> <!-- runScenario -->
        <test-method signature="runScenario(io.cucumber.testng.PickleWrapper,io.cucumber.testng.FeatureWrapper)[pri:0, instance:MyRunner.TestRunner@7e5afaa6]" started-at="2021-10-12T17:40:36 IST" name="runScenario" description="Runs Cucumber Scenarios" data-provider="scenarios" finished-at="2021-10-12T17:40:49 IST" duration-ms="13186" status="PASS">
          <params>
            <param index="0">
              <value>
                <![CDATA["Test to validate Add to Cart functionality"]]>
              </value>
            </param>
            <param index="1">
              <value>
                <![CDATA["Optional[Test item Search and Add Functionality on Demo Web Page]"]]>
              </value>
            </param>
          </params>
          <reporter-output>
          </reporter-output>
        </test-method> <!-- runScenario -->
        <test-method signature="runScenario(io.cucumber.testng.PickleWrapper,io.cucumber.testng.FeatureWrapper)[pri:0, instance:MyRunner.TestRunner@7e5afaa6]" started-at="2021-10-12T17:40:49 IST" name="runScenario" description="Runs Cucumber Scenarios" data-provider="scenarios" finished-at="2021-10-12T17:41:02 IST" duration-ms="12470" status="PASS">
          <params>
            <param index="0">
              <value>
                <![CDATA["Test to validate Add to Cart functionality"]]>
              </value>
            </param>
            <param index="1">
              <value>
                <![CDATA["Optional[Test item Search and Add Functionality on Demo Web Page]"]]>
              </value>
            </param>
          </params>
          <reporter-output>
          </reporter-output>
        </test-method> <!-- runScenario -->
        <test-method signature="runScenario(io.cucumber.testng.PickleWrapper,io.cucumber.testng.FeatureWrapper)[pri:0, instance:MyRunner.TestRunner@7e5afaa6]" started-at="2021-10-12T17:41:02 IST" name="runScenario" description="Runs Cucumber Scenarios" data-provider="scenarios" finished-at="2021-10-12T17:41:15 IST" duration-ms="12985" status="PASS">
          <params>
            <param index="0">
              <value>
                <![CDATA["Test for Verifying ShoppingCart Removing Update"]]>
              </value>
            </param>
            <param index="1">
              <value>
                <![CDATA["Optional[Test the Update Functionality of added product on Demo Web Page]"]]>
              </value>
            </param>
          </params>
          <reporter-output>
          </reporter-output>
        </test-method> <!-- runScenario -->
        <test-method signature="runScenario(io.cucumber.testng.PickleWrapper,io.cucumber.testng.FeatureWrapper)[pri:0, instance:MyRunner.TestRunner@7e5afaa6]" started-at="2021-10-12T17:41:15 IST" name="runScenario" description="Runs Cucumber Scenarios" data-provider="scenarios" finished-at="2021-10-12T17:41:29 IST" duration-ms="13735" status="PASS">
          <params>
            <param index="0">
              <value>
                <![CDATA["Test for Verifying ShoppingCart AddQuantity Update"]]>
              </value>
            </param>
            <param index="1">
              <value>
                <![CDATA["Optional[Test the Update Functionality of added product on Demo Web Page]"]]>
              </value>
            </param>
          </params>
          <reporter-output>
          </reporter-output>
        </test-method> <!-- runScenario -->
        <test-method signature="runScenario(io.cucumber.testng.PickleWrapper,io.cucumber.testng.FeatureWrapper)[pri:0, instance:MyRunner.TestRunner@7e5afaa6]" started-at="2021-10-12T17:41:29 IST" name="runScenario" description="Runs Cucumber Scenarios" data-provider="scenarios" finished-at="2021-10-12T17:41:39 IST" duration-ms="10486" status="PASS">
          <params>
            <param index="0">
              <value>
                <![CDATA[""]]>
              </value>
            </param>
            <param index="1">
              <value>
                <![CDATA["Optional[Test Checkout functionality of an item]"]]>
              </value>
            </param>
          </params>
          <reporter-output>
          </reporter-output>
        </test-method> <!-- runScenario -->
        <test-method signature="runScenario(io.cucumber.testng.PickleWrapper,io.cucumber.testng.FeatureWrapper)[pri:0, instance:MyRunner.TestRunner@7e5afaa6]" started-at="2021-10-12T17:41:39 IST" name="runScenario" description="Runs Cucumber Scenarios" data-provider="scenarios" finished-at="2021-10-12T17:42:12 IST" duration-ms="32585" status="PASS">
          <params>
            <param index="0">
              <value>
                <![CDATA["User to enter billing details"]]>
              </value>
            </param>
            <param index="1">
              <value>
                <![CDATA["Optional[Test Billing Functionality of Demo WebPage]"]]>
              </value>
            </param>
          </params>
          <reporter-output>
          </reporter-output>
        </test-method> <!-- runScenario -->
        <test-method is-config="true" signature="tearDownClass()[pri:0, instance:MyRunner.TestRunner@7e5afaa6]" started-at="2021-10-12T17:42:12 IST" name="tearDownClass" finished-at="2021-10-12T17:42:12 IST" duration-ms="570" status="PASS">
          <reporter-output>
          </reporter-output>
        </test-method> <!-- tearDownClass -->
      </class> <!-- MyRunner.TestRunner -->
    </test> <!-- Test -->
  </suite> <!-- Suite -->
</testng-results>
