<?xml version="1.0" encoding="UTF-8"?>
<testng-results ignored="0" total="13" passed="13" failed="0" skipped="0">
  <reporter-output>
  </reporter-output>
  <suite started-at="2021-10-12T16:02:58 IST" name="Suite" finished-at="2021-10-12T16:05:45 IST" duration-ms="167531">
    <groups>
      <group name="cucumber">
        <method signature="AbstractTestNGCucumberTests.runScenario(io.cucumber.testng.PickleWrapper,io.cucumber.testng.FeatureWrapper)[pri:0, instance:MyRunner.TestRunner@42e99e4a]" name="runScenario" class="io.cucumber.testng.AbstractTestNGCucumberTests"/>
      </group> <!-- cucumber -->
    </groups>
    <test started-at="2021-10-12T16:02:58 IST" name="Test" finished-at="2021-10-12T16:05:45 IST" duration-ms="167531">
      <class name="MyRunner.TestRunner">
        <test-method is-config="true" signature="setUpClass()[pri:0, instance:MyRunner.TestRunner@42e99e4a]" started-at="2021-10-12T16:02:58 IST" name="setUpClass" finished-at="2021-10-12T16:02:58 IST" duration-ms="749" status="PASS">
          <reporter-output>
          </reporter-output>
        </test-method> <!-- setUpClass -->
        <test-method signature="runScenario(io.cucumber.testng.PickleWrapper,io.cucumber.testng.FeatureWrapper)[pri:0, instance:MyRunner.TestRunner@42e99e4a]" started-at="2021-10-12T16:02:58 IST" name="runScenario" description="Runs Cucumber Scenarios" data-provider="scenarios" finished-at="2021-10-12T16:03:06 IST" duration-ms="7828" status="PASS">
          <params>
            <param index="0">
              <value>
                <![CDATA["User should move from DemoWebShop page to Registration page"]]>
              </value>
            </param>
            <param index="1">
              <value>
                <![CDATA["Optional[DemoWebShop Registraion process]"]]>
              </value>
            </param>
          </params>
          <reporter-output>
          </reporter-output>
        </test-method> <!-- runScenario -->
        <test-method signature="runScenario(io.cucumber.testng.PickleWrapper,io.cucumber.testng.FeatureWrapper)[pri:0, instance:MyRunner.TestRunner@42e99e4a]" started-at="2021-10-12T16:03:06 IST" name="runScenario" description="Runs Cucumber Scenarios" data-provider="scenarios" finished-at="2021-10-12T16:03:14 IST" duration-ms="8171" status="PASS">
          <params>
            <param index="0">
              <value>
                <![CDATA["Test Registration process with Valid credintials"]]>
              </value>
            </param>
            <param index="1">
              <value>
                <![CDATA["Optional[DemoWebShop Registraion process]"]]>
              </value>
            </param>
          </params>
          <reporter-output>
          </reporter-output>
        </test-method> <!-- runScenario -->
        <test-method signature="runScenario(io.cucumber.testng.PickleWrapper,io.cucumber.testng.FeatureWrapper)[pri:0, instance:MyRunner.TestRunner@42e99e4a]" started-at="2021-10-12T16:03:14 IST" name="runScenario" description="Runs Cucumber Scenarios" data-provider="scenarios" finished-at="2021-10-12T16:03:22 IST" duration-ms="7741" status="PASS">
          <params>
            <param index="0">
              <value>
                <![CDATA["Test Registration process with inValid credintials"]]>
              </value>
            </param>
            <param index="1">
              <value>
                <![CDATA["Optional[DemoWebShop Registraion process]"]]>
              </value>
            </param>
          </params>
          <reporter-output>
          </reporter-output>
        </test-method> <!-- runScenario -->
        <test-method signature="runScenario(io.cucumber.testng.PickleWrapper,io.cucumber.testng.FeatureWrapper)[pri:0, instance:MyRunner.TestRunner@42e99e4a]" started-at="2021-10-12T16:03:22 IST" name="runScenario" description="Runs Cucumber Scenarios" data-provider="scenarios" finished-at="2021-10-12T16:03:30 IST" duration-ms="7513" status="PASS">
          <params>
            <param index="0">
              <value>
                <![CDATA["Test User Login with Valid Credentials"]]>
              </value>
            </param>
            <param index="1">
              <value>
                <![CDATA["Optional[Login Functionality on Demo Web Page]"]]>
              </value>
            </param>
          </params>
          <reporter-output>
          </reporter-output>
        </test-method> <!-- runScenario -->
        <test-method signature="runScenario(io.cucumber.testng.PickleWrapper,io.cucumber.testng.FeatureWrapper)[pri:0, instance:MyRunner.TestRunner@42e99e4a]" started-at="2021-10-12T16:03:30 IST" name="runScenario" description="Runs Cucumber Scenarios" data-provider="scenarios" finished-at="2021-10-12T16:03:37 IST" duration-ms="7617" status="PASS">
          <params>
            <param index="0">
              <value>
                <![CDATA["Test User Login with InValid Credentials"]]>
              </value>
            </param>
            <param index="1">
              <value>
                <![CDATA["Optional[Login Functionality on Demo Web Page]"]]>
              </value>
            </param>
          </params>
          <reporter-output>
          </reporter-output>
        </test-method> <!-- runScenario -->
        <test-method signature="runScenario(io.cucumber.testng.PickleWrapper,io.cucumber.testng.FeatureWrapper)[pri:0, instance:MyRunner.TestRunner@42e99e4a]" started-at="2021-10-12T16:03:37 IST" name="runScenario" description="Runs Cucumber Scenarios" data-provider="scenarios" finished-at="2021-10-12T16:03:50 IST" duration-ms="12900" status="PASS">
          <params>
            <param index="0">
              <value>
                <![CDATA["Test to validate Add to Cart functionality"]]>
              </value>
            </param>
            <param index="1">
              <value>
                <![CDATA["Optional[Test item Search and Add Functionality on Demo Web Page]"]]>
              </value>
            </param>
          </params>
          <reporter-output>
          </reporter-output>
        </test-method> <!-- runScenario -->
        <test-method signature="runScenario(io.cucumber.testng.PickleWrapper,io.cucumber.testng.FeatureWrapper)[pri:0, instance:MyRunner.TestRunner@42e99e4a]" started-at="2021-10-12T16:03:50 IST" name="runScenario" description="Runs Cucumber Scenarios" data-provider="scenarios" finished-at="2021-10-12T16:04:05 IST" duration-ms="14653" status="PASS">
          <params>
            <param index="0">
              <value>
                <![CDATA["Test to validate Add to Cart functionality"]]>
              </value>
            </param>
            <param index="1">
              <value>
                <![CDATA["Optional[Test item Search and Add Functionality on Demo Web Page]"]]>
              </value>
            </param>
          </params>
          <reporter-output>
          </reporter-output>
        </test-method> <!-- runScenario -->
        <test-method signature="runScenario(io.cucumber.testng.PickleWrapper,io.cucumber.testng.FeatureWrapper)[pri:0, instance:MyRunner.TestRunner@42e99e4a]" started-at="2021-10-12T16:04:05 IST" name="runScenario" description="Runs Cucumber Scenarios" data-provider="scenarios" finished-at="2021-10-12T16:04:19 IST" duration-ms="13983" status="PASS">
          <params>
            <param index="0">
              <value>
                <![CDATA["Test to validate Add to Cart functionality"]]>
              </value>
            </param>
            <param index="1">
              <value>
                <![CDATA["Optional[Test item Search and Add Functionality on Demo Web Page]"]]>
              </value>
            </param>
          </params>
          <reporter-output>
          </reporter-output>
        </test-method> <!-- runScenario -->
        <test-method signature="runScenario(io.cucumber.testng.PickleWrapper,io.cucumber.testng.FeatureWrapper)[pri:0, instance:MyRunner.TestRunner@42e99e4a]" started-at="2021-10-12T16:04:19 IST" name="runScenario" description="Runs Cucumber Scenarios" data-provider="scenarios" finished-at="2021-10-12T16:04:31 IST" duration-ms="12662" status="PASS">
          <params>
            <param index="0">
              <value>
                <![CDATA["Test to validate Add to Cart functionality"]]>
              </value>
            </param>
            <param index="1">
              <value>
                <![CDATA["Optional[Test item Search and Add Functionality on Demo Web Page]"]]>
              </value>
            </param>
          </params>
          <reporter-output>
          </reporter-output>
        </test-method> <!-- runScenario -->
        <test-method signature="runScenario(io.cucumber.testng.PickleWrapper,io.cucumber.testng.FeatureWrapper)[pri:0, instance:MyRunner.TestRunner@42e99e4a]" started-at="2021-10-12T16:04:31 IST" name="runScenario" description="Runs Cucumber Scenarios" data-provider="scenarios" finished-at="2021-10-12T16:04:48 IST" duration-ms="16170" status="PASS">
          <params>
            <param index="0">
              <value>
                <![CDATA["Test for Verifying ShoppingCart Removing Update"]]>
              </value>
            </param>
            <param index="1">
              <value>
                <![CDATA["Optional[Test the Update Functionality of added product on Demo Web Page]"]]>
              </value>
            </param>
          </params>
          <reporter-output>
          </reporter-output>
        </test-method> <!-- runScenario -->
        <test-method signature="runScenario(io.cucumber.testng.PickleWrapper,io.cucumber.testng.FeatureWrapper)[pri:0, instance:MyRunner.TestRunner@42e99e4a]" started-at="2021-10-12T16:04:48 IST" name="runScenario" description="Runs Cucumber Scenarios" data-provider="scenarios" finished-at="2021-10-12T16:05:02 IST" duration-ms="14036" status="PASS">
          <params>
            <param index="0">
              <value>
                <![CDATA["Test for Verifying ShoppingCart AddQuantity Update"]]>
              </value>
            </param>
            <param index="1">
              <value>
                <![CDATA["Optional[Test the Update Functionality of added product on Demo Web Page]"]]>
              </value>
            </param>
          </params>
          <reporter-output>
          </reporter-output>
        </test-method> <!-- runScenario -->
        <test-method signature="runScenario(io.cucumber.testng.PickleWrapper,io.cucumber.testng.FeatureWrapper)[pri:0, instance:MyRunner.TestRunner@42e99e4a]" started-at="2021-10-12T16:05:02 IST" name="runScenario" description="Runs Cucumber Scenarios" data-provider="scenarios" finished-at="2021-10-12T16:05:12 IST" duration-ms="10625" status="PASS">
          <params>
            <param index="0">
              <value>
                <![CDATA[""]]>
              </value>
            </param>
            <param index="1">
              <value>
                <![CDATA["Optional[Test Checkout functionality of an item]"]]>
              </value>
            </param>
          </params>
          <reporter-output>
          </reporter-output>
        </test-method> <!-- runScenario -->
        <test-method signature="runScenario(io.cucumber.testng.PickleWrapper,io.cucumber.testng.FeatureWrapper)[pri:0, instance:MyRunner.TestRunner@42e99e4a]" started-at="2021-10-12T16:05:12 IST" name="runScenario" description="Runs Cucumber Scenarios" data-provider="scenarios" finished-at="2021-10-12T16:05:45 IST" duration-ms="32406" status="PASS">
          <params>
            <param index="0">
              <value>
                <![CDATA["User to enter billing details"]]>
              </value>
            </param>
            <param index="1">
              <value>
                <![CDATA["Optional[Test Billing Functionality of Demo WebPage]"]]>
              </value>
            </param>
          </params>
          <reporter-output>
          </reporter-output>
        </test-method> <!-- runScenario -->
        <test-method is-config="true" signature="tearDownClass()[pri:0, instance:MyRunner.TestRunner@42e99e4a]" started-at="2021-10-12T16:05:45 IST" name="tearDownClass" finished-at="2021-10-12T16:05:45 IST" duration-ms="408" status="PASS">
          <reporter-output>
          </reporter-output>
        </test-method> <!-- tearDownClass -->
      </class> <!-- MyRunner.TestRunner -->
    </test> <!-- Test -->
  </suite> <!-- Suite -->
</testng-results>
